  Running UnrealBuildTool: dotnet "..\..\Engine\Binaries\DotNET\UnrealBuildTool\UnrealBuildTool.dll" RootningAwayEditor Win64 Development -Project="D:\Githubprojects\GGJ2023\RootningAway\RootningAway.uproject" -WaitMutex -FromMsBuild
  Log file: C:\Users\annab\AppData\Local\UnrealBuildTool\Log.txt
  Using 'git status' to determine working set for adaptive non-unity build (D:\Githubprojects\GGJ2023).
  Creating makefile for RootningAwayEditor (no existing makefile)
  Parsing headers for RootningAwayEditor
    Running Internal UnrealHeaderTool D:\Githubprojects\GGJ2023\RootningAway\RootningAway.uproject D:\Githubprojects\GGJ2023\RootningAway\Intermediate\Build\Win64\RootningAwayEditor\Development\RootningAwayEditor.uhtmanifest -WarningsAsErrors -installed
  Total of 6 written
  Reflection code generated for RootningAwayEditor in 1.5270029 seconds
  Building RootningAwayEditor...
  Using Visual Studio 2019 14.29.30147 toolchain (C:\Program Files (x86)\Microsoft Visual Studio\2019\Community\VC\Tools\MSVC\14.29.30133) and Windows 10.0.19041.0 SDK (C:\Program Files (x86)\Windows Kits\10).
  Determining max actions to execute in parallel (6 physical cores, 12 logical cores)
    Executing up to 6 processes, one per physical core
    Requested 1.5 GB free memory per action, 1.43 GB available: limiting max parallel actions to 1
  Building 11 actions with 1 process...
  [1/11] Compile SharedPCH.Engine.ShadowErrors.cpp
  [2/11] Resource Default.rc2
  [3/11] Compile RootningAway.cpp
  [4/11] Compile RootningAwayGameMode.cpp
  [5/11] Compile RootningAwayGameMode.gen.cpp
  [6/11] Compile RootningAway.init.gen.cpp
  [7/11] Compile RootningAwayCharacter.cpp
  [8/11] Compile RootningAwayCharacter.gen.cpp
  [9/11] Link UnrealEditor-RootningAway.dll
     Creating library D:\Githubprojects\GGJ2023\RootningAway\Intermediate\Build\Win64\UnrealEditor\Development\RootningAway\UnrealEditor-RootningAway.suppressed.lib and object D:\Githubprojects\GGJ2023\RootningAway\Intermediate\Build\Win64\UnrealEditor\Development\RootningAway\UnrealEditor-RootningAway.suppressed.exp
  [10/11] Link UnrealEditor-RootningAway.lib
     Creating library D:\Githubprojects\GGJ2023\RootningAway\Intermediate\Build\Win64\UnrealEditor\Development\RootningAway\UnrealEditor-RootningAway.lib and object D:\Githubprojects\GGJ2023\RootningAway\Intermediate\Build\Win64\UnrealEditor\Development\RootningAway\UnrealEditor-RootningAway.exp
  [11/11] WriteMetadata RootningAwayEditor.target
  Total time in Parallel executor: 818.74 seconds
  Total execution time: 875.73 seconds
