[+] Containers:
 |- [+] Container: /Game/ThirdPerson/Maps/ThirdPersonMap
 |   |- [+] ActorDescs:
 |   |   |- Guid:018E26EA4AC5B0D7D283758714BA0B17 BaseClass: NativeClass:/Script/Engine.StaticMeshActor Name:StaticMeshActor_UAID_FC3497C892E0306301_2049090160 Label:SM_Cube17 SpatiallyLoaded:1 Bounds:IsValid=true, Min=(X=0.000 Y=10400.000 Z=0.000), Max=(X=1000.000 Y=10500.000 Z=400.000) RuntimeGrid:None EditorOnly:0 RuntimeOnly:0 HLODRelevant:1 FolderPath:Playground FolderGuid:8CD33C9A4E75AD59B95486AC740693D6
 |   |   |- Guid:0A45325C48C6CA9C18F438A18BCC5B50 BaseClass: NativeClass:/Script/Engine.StaticMeshActor Name:StaticMeshActor_UAID_3C7C3F249B3E626301_1672274000 Label:SM_Cube35 SpatiallyLoaded:1 Bounds:IsValid=true, Min=(X=600.000 Y=12350.000 Z=380.000), Max=(X=900.000 Y=13375.000 Z=405.000) RuntimeGrid:None EditorOnly:0 RuntimeOnly:0 HLODRelevant:1 FolderPath:Block03 FolderGuid:8CD3949449A9ED1D3F209CA69A64B60F
 |   |   |- Guid:0F6FC91541AEA25D8A5C2EBEBE855480 BaseClass: NativeClass:/Script/Engine.StaticMeshActor Name:StaticMeshActor_UAID_3C7C3F249B3E5F6301_1255499457 Label:SM_Cube36 SpatiallyLoaded:1 Bounds:IsValid=true, Min=(X=640.000 Y=6245.000 Z=880.000), Max=(X=940.000 Y=6370.000 Z=1180.000) RuntimeGrid:None EditorOnly:0 RuntimeOnly:0 HLODRelevant:1 FolderPath:Block03 FolderGuid:8CD3949449A9ED1D3F209CA69A64B60F
 |   |   |- Guid:10FD64694F73FCA75BA64A9948DED2B9 BaseClass: NativeClass:/Script/Engine.StaticMeshActor Name:StaticMeshActor_UAID_3C7C3F249B3E5A6301_1909316543 Label:SM_Cube12 SpatiallyLoaded:1 Bounds:IsValid=true, Min=(X=620.000 Y=300.000 Z=-10.000), Max=(X=920.000 Y=9850.000 Z=140.000) RuntimeGrid:None EditorOnly:0 RuntimeOnly:0 HLODRelevant:1 FolderPath:Block03 FolderGuid:8CD3949449A9ED1D3F209CA69A64B60F
 |   |   |- Guid:174DF71143EA367D14F3838C26CC06DF BaseClass: NativeClass:/Script/Engine.SkyLight Name:SkyLight_0 Label:SkyLight SpatiallyLoaded:0 Bounds:IsValid=true, Min=(X=0.000 Y=0.000 Z=690.000), Max=(X=0.000 Y=0.000 Z=690.000) RuntimeGrid:None EditorOnly:0 RuntimeOnly:0 HLODRelevant:0 FolderPath:Lighting FolderGuid:08A10B054C95868C663DE39EE4343813
 |   |   |- Guid:214012F94C5E70538AA0A1A44589774E BaseClass: NativeClass:/Script/Engine.StaticMeshActor Name:StaticMeshActor_UAID_3C7C3F249B3E5B6301_1679955724 Label:SM_Cube15 SpatiallyLoaded:1 Bounds:IsValid=true, Min=(X=590.000 Y=8110.000 Z=400.000), Max=(X=890.000 Y=8335.000 Z=700.000) RuntimeGrid:None EditorOnly:0 RuntimeOnly:0 HLODRelevant:1 FolderPath:Block03 FolderGuid:8CD3949449A9ED1D3F209CA69A64B60F
 |   |   |- Guid:21BAF8B4423C3FF91751C5A83118A6D5 BaseClass: NativeClass:/Script/Engine.StaticMeshActor Name:StaticMeshActor_UAID_3C7C3F249B3E5E6301_2121047275 Label:SM_Cube31 SpatiallyLoaded:1 Bounds:IsValid=true, Min=(X=640.000 Y=5620.000 Z=920.000), Max=(X=940.000 Y=6245.000 Z=1020.000) RuntimeGrid:None EditorOnly:0 RuntimeOnly:0 HLODRelevant:1 FolderPath:Block03 FolderGuid:8CD3949449A9ED1D3F209CA69A64B60F
 |   |   |- Guid:252A13B546B91DF5E7BEA88469F80034 BaseClass: NativeClass:/Script/Engine.StaticMeshActor Name:StaticMeshActor_UAID_3C7C3F249B3E5B6301_1316241722 Label:SM_Cube13 SpatiallyLoaded:1 Bounds:IsValid=true, Min=(X=580.000 Y=7660.000 Z=130.000), Max=(X=880.000 Y=8560.000 Z=405.000) RuntimeGrid:None EditorOnly:0 RuntimeOnly:0 HLODRelevant:1 FolderPath:Block03 FolderGuid:8CD3949449A9ED1D3F209CA69A64B60F
 |   |   |- Guid:350F4C884A6869581BAF1D9FAE1C8AC8 BaseClass: NativeClass:/Script/Engine.StaticMeshActor Name:StaticMeshActor_UAID_FC3497C892E0306301_2049087159 Label:SM_Cube7 SpatiallyLoaded:1 Bounds:IsValid=true, Min=(X=0.000 Y=7000.000 Z=-50.000), Max=(X=1000.000 Y=10500.000 Z=0.000) RuntimeGrid:None EditorOnly:0 RuntimeOnly:0 HLODRelevant:1 FolderPath:Playground FolderGuid:8CD33C9A4E75AD59B95486AC740693D6
 |   |   |- Guid:3EA48B3A41E0381E9D675E9014E97F2D BaseClass: NativeClass:/Script/Engine.StaticMeshActor Name:StaticMeshActor_UAID_FC3497C892E02E6301_2044022799 Label:SM_Cube5 SpatiallyLoaded:1 Bounds:IsValid=true, Min=(X=0.000 Y=3500.000 Z=-50.000), Max=(X=1000.000 Y=7000.000 Z=0.000) RuntimeGrid:None EditorOnly:0 RuntimeOnly:0 HLODRelevant:1 FolderPath:Playground FolderGuid:8CD33C9A4E75AD59B95486AC740693D6
 |   |   |- Guid:3F610F3C49774CD9C5FE9194C252554F BaseClass: NativeClass:/Script/Engine.StaticMeshActor Name:StaticMeshActor_UAID_3C7C3F249B3E5E6301_1997889273 Label:SM_Cube29 SpatiallyLoaded:1 Bounds:IsValid=true, Min=(X=620.000 Y=5540.000 Z=160.000), Max=(X=920.000 Y=6390.000 Z=260.000) RuntimeGrid:None EditorOnly:0 RuntimeOnly:0 HLODRelevant:1 FolderPath:Block03 FolderGuid:8CD3949449A9ED1D3F209CA69A64B60F
 |   |   |- Guid:44996C804E7CB04666B6BE9DEEE65B64 BaseClass: NativeClass:/Script/Engine.StaticMeshActor Name:StaticMeshActor_UAID_3C7C3F249B3E5B6301_2055844729 Label:SM_Cube21 SpatiallyLoaded:1 Bounds:IsValid=true, Min=(X=630.000 Y=860.000 Z=130.000), Max=(X=930.000 Y=2035.000 Z=280.000) RuntimeGrid:None EditorOnly:0 RuntimeOnly:0 HLODRelevant:1 FolderPath:Block03 FolderGuid:8CD3949449A9ED1D3F209CA69A64B60F
 |   |   |- Guid:4552606A4C28A189A195E7B6841F6806 BaseClass: NativeClass:/Script/Engine.StaticMeshActor Name:StaticMeshActor_UAID_3C7C3F249B3E5B6301_1585152723 Label:SM_Cube14 SpatiallyLoaded:1 Bounds:IsValid=true, Min=(X=580.000 Y=7890.000 Z=400.000), Max=(X=880.000 Y=8115.000 Z=550.000) RuntimeGrid:None EditorOnly:0 RuntimeOnly:0 HLODRelevant:1 FolderPath:Block03 FolderGuid:8CD3949449A9ED1D3F209CA69A64B60F
 |   |   |- Guid:4F7B735A44E12B4B031927A9FC21C460 BaseClass: NativeClass:/Script/Engine.VolumetricCloud Name:VolumetricCloud_1 Label:VolumetricCloud SpatiallyLoaded:0 Bounds:IsValid=true, Min=(X=0.000 Y=0.000 Z=820.000), Max=(X=0.000 Y=0.000 Z=820.000) RuntimeGrid:None EditorOnly:0 RuntimeOnly:0 HLODRelevant:0 FolderPath:Lighting FolderGuid:08A10B054C95868C663DE39EE4343813
 |   |   |- Guid:65077B184B8A382F401221A720E2206D BaseClass: NativeClass:/Script/Engine.StaticMeshActor Name:StaticMeshActor_UAID_3C7C3F249B3E5F6301_1255488453 Label:SM_Cube32 SpatiallyLoaded:1 Bounds:IsValid=true, Min=(X=590.000 Y=8175.000 Z=1140.000), Max=(X=890.000 Y=8400.000 Z=1290.000) RuntimeGrid:None EditorOnly:0 RuntimeOnly:0 HLODRelevant:1 FolderPath:Block03 FolderGuid:8CD3949449A9ED1D3F209CA69A64B60F
 |   |   |- Guid:67FA51FC446CC925B6D3D29A44D0EF55 BaseClass: NativeClass:/Script/Engine.StaticMeshActor Name:StaticMeshActor_UAID_3C7C3F249B3E5F6301_1381202459 Label:SM_Cube38 SpatiallyLoaded:1 Bounds:IsValid=true, Min=(X=660.000 Y=5156.987 Z=705.048), Max=(X=960.000 Y=5627.500 Z=1020.000) RuntimeGrid:None EditorOnly:0 RuntimeOnly:0 HLODRelevant:1 FolderPath:Block03 FolderGuid:8CD3949449A9ED1D3F209CA69A64B60F
 |   |   |- Guid:69C1AB41463CAD37DBD45BB4D8AB2F64 BaseClass: NativeClass:/Script/Engine.StaticMeshActor Name:StaticMeshActor_UAID_3C7C3F249B3E5B6301_1728232726 Label:SM_Cube18 SpatiallyLoaded:1 Bounds:IsValid=true, Min=(X=600.000 Y=8560.000 Z=800.000), Max=(X=900.000 Y=9535.000 Z=850.000) RuntimeGrid:None EditorOnly:0 RuntimeOnly:0 HLODRelevant:1 FolderPath:Block03 FolderGuid:8CD3949449A9ED1D3F209CA69A64B60F
 |   |   |- Guid:6E58CC7140F7B06FECC09782D76DBE32 BaseClass: NativeClass:/Script/Engine.StaticMeshActor Name:StaticMeshActor_UAID_3C7C3F249B3E626301_1365923995 Label:SM_Cube24 SpatiallyLoaded:1 Bounds:IsValid=true, Min=(X=590.000 Y=10420.000 Z=380.000), Max=(X=890.000 Y=11520.000 Z=405.000) RuntimeGrid:None EditorOnly:0 RuntimeOnly:0 HLODRelevant:1 FolderPath:Block03 FolderGuid:8CD3949449A9ED1D3F209CA69A64B60F
 |   |   |- Guid:6E7C6B1E4B998713F9090185941BBE8E BaseClass: NativeClass:/Script/Engine.StaticMeshActor Name:StaticMeshActor_UAID_3C7C3F249B3E5D6301_2147045090 Label:SM_Cube20 SpatiallyLoaded:1 Bounds:IsValid=true, Min=(X=620.000 Y=8840.000 Z=390.000), Max=(X=920.000 Y=9815.000 Z=465.000) RuntimeGrid:None EditorOnly:0 RuntimeOnly:0 HLODRelevant:1 FolderPath:Block03 FolderGuid:8CD3949449A9ED1D3F209CA69A64B60F
 |   |   |- Guid:788903924598EC8109F9709A8AB41C0D BaseClass: NativeClass:/Script/Engine.WorldDataLayers Name:WorldDataLayers Label:WorldDataLayers-1 SpatiallyLoaded:0 Bounds:IsValid=true, Min=(X=0.000 Y=0.000 Z=0.000), Max=(X=0.000 Y=0.000 Z=0.000) RuntimeGrid:None EditorOnly:0 RuntimeOnly:0 HLODRelevant:0
 |   |   |- Guid:8A11994E4699C0F68ADB539E3017ABC5 BaseClass: NativeClass:/Script/Engine.StaticMeshActor Name:StaticMeshActor_UAID_3C7C3F249B3E5F6301_1255489454 Label:SM_Cube33 SpatiallyLoaded:1 Bounds:IsValid=true, Min=(X=600.000 Y=7955.000 Z=990.000), Max=(X=900.000 Y=8180.000 Z=1290.000) RuntimeGrid:None EditorOnly:0 RuntimeOnly:0 HLODRelevant:1 FolderPath:Block03 FolderGuid:8CD3949449A9ED1D3F209CA69A64B60F
 |   |   |- Guid:8D2CF82C40EE2A09448E88861468839F BaseClass: NativeClass:/Script/Engine.StaticMeshActor Name:StaticMeshActor_UAID_3C7C3F249B3E5E6301_2027385274 Label:SM_Cube30 SpatiallyLoaded:1 Bounds:IsValid=true, Min=(X=630.000 Y=6400.000 Z=240.000), Max=(X=930.000 Y=7250.000 Z=340.000) RuntimeGrid:None EditorOnly:0 RuntimeOnly:0 HLODRelevant:1 FolderPath:Block03 FolderGuid:8CD3949449A9ED1D3F209CA69A64B60F
 |   |   |- Guid:9F618A3A4E8A54D0D3DBE2B7A90D7926 BaseClass: NativeClass:/Script/Engine.StaticMeshActor Name:StaticMeshActor_UAID_3C7C3F249B3E5F6301_1255499458 Label:SM_Cube37 SpatiallyLoaded:1 Bounds:IsValid=true, Min=(X=630.000 Y=6375.000 Z=1105.000), Max=(X=930.000 Y=7400.000 Z=1180.000) RuntimeGrid:None EditorOnly:0 RuntimeOnly:0 HLODRelevant:1 FolderPath:Block03 FolderGuid:8CD3949449A9ED1D3F209CA69A64B60F
 |   |   |- Guid:9FFE6665469AE829D82050A8B1F67178 BaseClass: NativeClass:/Script/Engine.DirectionalLight Name:DirectionalLight_1 Label:DirectionalLight SpatiallyLoaded:0 Bounds:IsValid=true, Min=(X=-1048576.000 Y=-1048576.000 Z=-1048576.000), Max=(X=1048576.000 Y=1048576.000 Z=1048576.000) RuntimeGrid:None EditorOnly:0 RuntimeOnly:0 HLODRelevant:0 FolderPath:Lighting FolderGuid:08A10B054C95868C663DE39EE4343813
 |   |   |- Guid:A85A7AD046A0462D176E6889992C1216 BaseClass: NativeClass:/Script/Engine.PostProcessVolume Name:PostProcessVolume_0 Label:PostProcessVolume SpatiallyLoaded:0 Bounds:IsValid=true, Min=(X=0.000 Y=0.000 Z=400.000), Max=(X=200.000 Y=200.000 Z=600.000) RuntimeGrid:None EditorOnly:0 RuntimeOnly:0 HLODRelevant:0 FolderPath:Lighting FolderGuid:08A10B054C95868C663DE39EE4343813
 |   |   |- Guid:B23C247D4E34A96052E563A19E79FA75 BaseClass: NativeClass:/Script/Engine.ExponentialHeightFog Name:ExponentialHeightFog_1 Label:ExponentialHeightFog SpatiallyLoaded:0 Bounds:IsValid=true, Min=(X=-5600.000 Y=-50.000 Z=-6850.000), Max=(X=-5600.000 Y=-50.000 Z=-6850.000) RuntimeGrid:None EditorOnly:0 RuntimeOnly:0 HLODRelevant:0 FolderPath:Lighting FolderGuid:08A10B054C95868C663DE39EE4343813
 |   |   |- Guid:B8CEBEDD4BF3312323B472822733C8EB BaseClass: NativeClass:/Script/Engine.StaticMeshActor Name:StaticMeshActor_UAID_3C7C3F249B3E5F6301_1255498455 Label:SM_Cube34 SpatiallyLoaded:1 Bounds:IsValid=true, Min=(X=610.000 Y=7725.000 Z=955.000), Max=(X=910.000 Y=7950.000 Z=1280.000) RuntimeGrid:None EditorOnly:0 RuntimeOnly:0 HLODRelevant:1 FolderPath:Block03 FolderGuid:8CD3949449A9ED1D3F209CA69A64B60F
 |   |   |- Guid:B9630E5448BCEF66025C33B07C65EE1F BaseClass: NativeClass:/Script/Engine.StaticMeshActor Name:StaticMeshActor_UAID_3C7C3F249B3E5E6301_1420648270 Label:SM_Cube28 SpatiallyLoaded:1 Bounds:IsValid=true, Min=(X=610.000 Y=3980.000 Z=260.000), Max=(X=910.000 Y=5530.000 Z=360.000) RuntimeGrid:None EditorOnly:0 RuntimeOnly:0 HLODRelevant:1 FolderPath:Block03 FolderGuid:8CD3949449A9ED1D3F209CA69A64B60F
 |   |   |- Guid:BB904CE340CEF68D56B61EB8FA5C7190 BaseClass: NativeClass:/Script/Engine.StaticMeshActor Name:StaticMeshActor_UAID_3C7C3F249B3E646301_1232976356 Label:SM_Cube35 SpatiallyLoaded:1 Bounds:IsValid=true, Min=(X=660.000 Y=3115.000 Z=350.000), Max=(X=960.000 Y=3551.362 Z=630.801) RuntimeGrid:None EditorOnly:0 RuntimeOnly:0 HLODRelevant:1 FolderPath:Block03 FolderGuid:8CD3949449A9ED1D3F209CA69A64B60F
 |   |   |- Guid:BC42D9B9467E38655AFC6DB667A61ECA BaseClass: NativeClass:/Script/Engine.StaticMeshActor Name:StaticMeshActor_49 Label:SM_Cube11 SpatiallyLoaded:1 Bounds:IsValid=true, Min=(X=630.000 Y=7360.000 Z=130.000), Max=(X=930.000 Y=7660.000 Z=280.000) RuntimeGrid:None EditorOnly:0 RuntimeOnly:0 HLODRelevant:1 FolderPath:Block03 FolderGuid:8CD3949449A9ED1D3F209CA69A64B60F
 |   |   |- Guid:BD430F5245E33ECC56F7628FBABC5D84 BaseClass: NativeClass:/Script/Engine.StaticMeshActor Name:StaticMeshActor_33 Label:SM_Cube SpatiallyLoaded:1 Bounds:IsValid=true, Min=(X=0.000 Y=0.000 Z=-50.000), Max=(X=1000.000 Y=3500.000 Z=0.000) RuntimeGrid:None EditorOnly:0 RuntimeOnly:0 HLODRelevant:1 FolderPath:Playground FolderGuid:8CD33C9A4E75AD59B95486AC740693D6
 |   |   |- Guid:BD52B3C3427AA07C4F83F9B048291CB1 BaseClass: NativeClass:/Script/Engine.StaticMeshActor Name:StaticMeshActor_UAID_3C7C3F249B3E5B6301_1852712727 Label:SM_Cube19 SpatiallyLoaded:1 Bounds:IsValid=true, Min=(X=610.000 Y=9810.000 Z=400.000), Max=(X=910.000 Y=9860.000 Z=1125.000) RuntimeGrid:None EditorOnly:0 RuntimeOnly:0 HLODRelevant:1 FolderPath:Block03 FolderGuid:8CD3949449A9ED1D3F209CA69A64B60F
 |   |   |- Guid:C1275DA4456168FA947F2980143E2745 BaseClass: NativeClass:/Script/Engine.StaticMeshActor Name:StaticMeshActor_UAID_3C7C3F249B3E5C6301_1735233911 Label:SM_Cube26 SpatiallyLoaded:1 Bounds:IsValid=true, Min=(X=650.000 Y=3530.000 Z=540.000), Max=(X=950.000 Y=4005.000 Z=640.000) RuntimeGrid:None EditorOnly:0 RuntimeOnly:0 HLODRelevant:1 FolderPath:Block03 FolderGuid:8CD3949449A9ED1D3F209CA69A64B60F
 |   |   |- Guid:C726A3284B806D4C379405885740B688 BaseClass: NativeClass:/Script/Engine.PlayerStart Name:PlayerStart_0 Label:PlayerStart SpatiallyLoaded:0 Bounds:IsValid=true, Min=(X=700.000 Y=180.000 Z=0.013), Max=(X=780.000 Y=260.000 Z=184.013) RuntimeGrid:None EditorOnly:0 RuntimeOnly:0 HLODRelevant:0
 |   |   |- Guid:C768943D43B1D4FCC4C0F098EBF7CAC9 BaseClass: NativeClass:/Script/Engine.StaticMeshActor Name:StaticMeshActor_36 Label:SM_Cube2 SpatiallyLoaded:1 Bounds:IsValid=true, Min=(X=0.000 Y=0.000 Z=0.000), Max=(X=1000.000 Y=100.000 Z=400.000) RuntimeGrid:None EditorOnly:0 RuntimeOnly:0 HLODRelevant:1 FolderPath:Playground FolderGuid:8CD33C9A4E75AD59B95486AC740693D6
 |   |   |- Guid:C8697D2B4D9C80B21B0F15ACDE6C4BFF BaseClass: NativeClass:/Script/Engine.StaticMeshActor Name:StaticMeshActor_UAID_3C7C3F249B3E5E6301_1297997267 Label:SM_Cube27 SpatiallyLoaded:1 Bounds:IsValid=true, Min=(X=660.000 Y=4380.000 Z=680.000), Max=(X=960.000 Y=5180.000 Z=780.000) RuntimeGrid:None EditorOnly:0 RuntimeOnly:0 HLODRelevant:1 FolderPath:Block03 FolderGuid:8CD3949449A9ED1D3F209CA69A64B60F
 |   |   |- Guid:D4B30CB14D5950C355514AB6D9273EC3 BaseClass: NativeClass:/Script/Engine.StaticMeshActor Name:StaticMeshActor_UAID_3C7C3F249B3E626301_1831491002 Label:SM_Cube40 SpatiallyLoaded:1 Bounds:IsValid=true, Min=(X=610.000 Y=13560.000 Z=380.000), Max=(X=910.000 Y=14585.000 Z=405.000) RuntimeGrid:None EditorOnly:0 RuntimeOnly:0 HLODRelevant:1 FolderPath:Block03 FolderGuid:8CD3949449A9ED1D3F209CA69A64B60F
 |   |   |- Guid:D7F7391942DDAA1DB05BE38A6AB7060B BaseClass: NativeClass:/Script/Engine.StaticMeshActor Name:StaticMeshActor_UAID_3C7C3F249B3E5C6301_1173866907 Label:SM_Cube23 SpatiallyLoaded:1 Bounds:IsValid=true, Min=(X=620.000 Y=2210.000 Z=140.000), Max=(X=920.000 Y=3435.000 Z=390.000) RuntimeGrid:None EditorOnly:0 RuntimeOnly:0 HLODRelevant:1 FolderPath:Block03 FolderGuid:8CD3949449A9ED1D3F209CA69A64B60F
 |   |   |- Guid:E268BD96454E12A26B84999E4C636899 BaseClass: NativeClass:/Script/Engine.StaticMeshActor Name:StaticMeshActor_UAID_3C7C3F249B3E616301_1427502818 Label:SM_Cube22 SpatiallyLoaded:1 Bounds:IsValid=true, Min=(X=580.000 Y=9857.500 Z=80.000), Max=(X=880.000 Y=10432.917 Z=426.651) RuntimeGrid:None EditorOnly:0 RuntimeOnly:0 HLODRelevant:1 FolderPath:Block03 FolderGuid:8CD3949449A9ED1D3F209CA69A64B60F
 |   |   |- Guid:E6424D094707511C5C8A05BF8F940C73 BaseClass: NativeClass:/Script/Engine.StaticMeshActor Name:StaticMeshActor_UAID_3C7C3F249B3E5B6301_1688951725 Label:SM_Cube16 SpatiallyLoaded:1 Bounds:IsValid=true, Min=(X=600.000 Y=8340.000 Z=400.000), Max=(X=900.000 Y=8565.000 Z=850.000) RuntimeGrid:None EditorOnly:0 RuntimeOnly:0 HLODRelevant:1 FolderPath:Block03 FolderGuid:8CD3949449A9ED1D3F209CA69A64B60F
 |   |   |- Guid:E7C88B004DFFF4BE08155AB223A0EF2C BaseClass: NativeClass:/Script/Engine.SkyAtmosphere Name:SkyAtmosphere_1 Label:SkyAtmosphere SpatiallyLoaded:0 Bounds:IsValid=true, Min=(X=0.000 Y=0.000 Z=1020.000), Max=(X=0.000 Y=0.000 Z=1020.000) RuntimeGrid:None EditorOnly:0 RuntimeOnly:0 HLODRelevant:0 FolderPath:Lighting FolderGuid:08A10B054C95868C663DE39EE4343813
 |   |   |- Guid:ED21E289482150207475F59303ADAB04 BaseClass: NativeClass:/Script/Engine.StaticMeshActor Name:StaticMeshActor_UAID_3C7C3F249B3E626301_1682806001 Label:SM_Cube39 SpatiallyLoaded:1 Bounds:IsValid=true, Min=(X=610.000 Y=11370.000 Z=190.000), Max=(X=910.000 Y=12395.000 Z=215.000) RuntimeGrid:None EditorOnly:0 RuntimeOnly:0 HLODRelevant:1 FolderPath:Block03 FolderGuid:8CD3949449A9ED1D3F209CA69A64B60F
 |   |   |- Guid:EDADF31C4DDA2488970C1380CC6E2C2A BaseClass: NativeClass:/Script/Engine.StaticMeshActor Name:StaticMeshActor_UAID_3C7C3F249B3E5D6301_1863648089 Label:SM_Cube27 SpatiallyLoaded:1 Bounds:IsValid=true, Min=(X=660.000 Y=8050.000 Z=390.000), Max=(X=960.000 Y=8325.000 Z=490.000) RuntimeGrid:None EditorOnly:0 RuntimeOnly:0 HLODRelevant:1 FolderPath:Block03 FolderGuid:8CD3949449A9ED1D3F209CA69A64B60F
 |   |   |- Guid:F6974391454BE3281D0A9AAB775EBFF6 BaseClass: NativeClass:/Script/Engine.StaticMeshActor Name:StaticMeshActor_43 Label:SM_Cube6 SpatiallyLoaded:1 Bounds:IsValid=true, Min=(X=900.000 Y=100.000 Z=0.000), Max=(X=1000.000 Y=10500.000 Z=400.000) RuntimeGrid:None EditorOnly:0 RuntimeOnly:0 HLODRelevant:1 FolderPath:Playground FolderGuid:8CD33C9A4E75AD59B95486AC740693D6
 |   |- [+] Clusters:
 |   |   |- [+] [  0]
 |   |   |   |- Guid:788903924598EC8109F9709A8AB41C0D BaseClass: NativeClass:/Script/Engine.WorldDataLayers Name:WorldDataLayers Label:WorldDataLayers-1 SpatiallyLoaded:0 Bounds:IsValid=true, Min=(X=0.000 Y=0.000 Z=0.000), Max=(X=0.000 Y=0.000 Z=0.000) RuntimeGrid:None EditorOnly:0 RuntimeOnly:0 HLODRelevant:0
 |   |   |- [+] [  1]
 |   |   |   |- Guid:BC42D9B9467E38655AFC6DB667A61ECA BaseClass: NativeClass:/Script/Engine.StaticMeshActor Name:StaticMeshActor_49 Label:SM_Cube11 SpatiallyLoaded:1 Bounds:IsValid=true, Min=(X=630.000 Y=7360.000 Z=130.000), Max=(X=930.000 Y=7660.000 Z=280.000) RuntimeGrid:None EditorOnly:0 RuntimeOnly:0 HLODRelevant:1 FolderPath:Block03 FolderGuid:8CD3949449A9ED1D3F209CA69A64B60F
 |   |   |- [+] [  2]
 |   |   |   |- Guid:10FD64694F73FCA75BA64A9948DED2B9 BaseClass: NativeClass:/Script/Engine.StaticMeshActor Name:StaticMeshActor_UAID_3C7C3F249B3E5A6301_1909316543 Label:SM_Cube12 SpatiallyLoaded:1 Bounds:IsValid=true, Min=(X=620.000 Y=300.000 Z=-10.000), Max=(X=920.000 Y=9850.000 Z=140.000) RuntimeGrid:None EditorOnly:0 RuntimeOnly:0 HLODRelevant:1 FolderPath:Block03 FolderGuid:8CD3949449A9ED1D3F209CA69A64B60F
 |   |   |- [+] [  3]
 |   |   |   |- Guid:350F4C884A6869581BAF1D9FAE1C8AC8 BaseClass: NativeClass:/Script/Engine.StaticMeshActor Name:StaticMeshActor_UAID_FC3497C892E0306301_2049087159 Label:SM_Cube7 SpatiallyLoaded:1 Bounds:IsValid=true, Min=(X=0.000 Y=7000.000 Z=-50.000), Max=(X=1000.000 Y=10500.000 Z=0.000) RuntimeGrid:None EditorOnly:0 RuntimeOnly:0 HLODRelevant:1 FolderPath:Playground FolderGuid:8CD33C9A4E75AD59B95486AC740693D6
 |   |   |- [+] [  4]
 |   |   |   |- Guid:A85A7AD046A0462D176E6889992C1216 BaseClass: NativeClass:/Script/Engine.PostProcessVolume Name:PostProcessVolume_0 Label:PostProcessVolume SpatiallyLoaded:0 Bounds:IsValid=true, Min=(X=0.000 Y=0.000 Z=400.000), Max=(X=200.000 Y=200.000 Z=600.000) RuntimeGrid:None EditorOnly:0 RuntimeOnly:0 HLODRelevant:0 FolderPath:Lighting FolderGuid:08A10B054C95868C663DE39EE4343813
 |   |   |- [+] [  5]
 |   |   |   |- Guid:9FFE6665469AE829D82050A8B1F67178 BaseClass: NativeClass:/Script/Engine.DirectionalLight Name:DirectionalLight_1 Label:DirectionalLight SpatiallyLoaded:0 Bounds:IsValid=true, Min=(X=-1048576.000 Y=-1048576.000 Z=-1048576.000), Max=(X=1048576.000 Y=1048576.000 Z=1048576.000) RuntimeGrid:None EditorOnly:0 RuntimeOnly:0 HLODRelevant:0 FolderPath:Lighting FolderGuid:08A10B054C95868C663DE39EE4343813
 |   |   |- [+] [  6]
 |   |   |   |- Guid:4F7B735A44E12B4B031927A9FC21C460 BaseClass: NativeClass:/Script/Engine.VolumetricCloud Name:VolumetricCloud_1 Label:VolumetricCloud SpatiallyLoaded:0 Bounds:IsValid=true, Min=(X=0.000 Y=0.000 Z=820.000), Max=(X=0.000 Y=0.000 Z=820.000) RuntimeGrid:None EditorOnly:0 RuntimeOnly:0 HLODRelevant:0 FolderPath:Lighting FolderGuid:08A10B054C95868C663DE39EE4343813
 |   |   |- [+] [  7]
 |   |   |   |- Guid:C768943D43B1D4FCC4C0F098EBF7CAC9 BaseClass: NativeClass:/Script/Engine.StaticMeshActor Name:StaticMeshActor_36 Label:SM_Cube2 SpatiallyLoaded:1 Bounds:IsValid=true, Min=(X=0.000 Y=0.000 Z=0.000), Max=(X=1000.000 Y=100.000 Z=400.000) RuntimeGrid:None EditorOnly:0 RuntimeOnly:0 HLODRelevant:1 FolderPath:Playground FolderGuid:8CD33C9A4E75AD59B95486AC740693D6
 |   |   |- [+] [  8]
 |   |   |   |- Guid:ED21E289482150207475F59303ADAB04 BaseClass: NativeClass:/Script/Engine.StaticMeshActor Name:StaticMeshActor_UAID_3C7C3F249B3E626301_1682806001 Label:SM_Cube39 SpatiallyLoaded:1 Bounds:IsValid=true, Min=(X=610.000 Y=11370.000 Z=190.000), Max=(X=910.000 Y=12395.000 Z=215.000) RuntimeGrid:None EditorOnly:0 RuntimeOnly:0 HLODRelevant:1 FolderPath:Block03 FolderGuid:8CD3949449A9ED1D3F209CA69A64B60F
 |   |   |- [+] [  9]
 |   |   |   |- Guid:BD430F5245E33ECC56F7628FBABC5D84 BaseClass: NativeClass:/Script/Engine.StaticMeshActor Name:StaticMeshActor_33 Label:SM_Cube SpatiallyLoaded:1 Bounds:IsValid=true, Min=(X=0.000 Y=0.000 Z=-50.000), Max=(X=1000.000 Y=3500.000 Z=0.000) RuntimeGrid:None EditorOnly:0 RuntimeOnly:0 HLODRelevant:1 FolderPath:Playground FolderGuid:8CD33C9A4E75AD59B95486AC740693D6
 |   |   |- [+] [ 10]
 |   |   |   |- Guid:174DF71143EA367D14F3838C26CC06DF BaseClass: NativeClass:/Script/Engine.SkyLight Name:SkyLight_0 Label:SkyLight SpatiallyLoaded:0 Bounds:IsValid=true, Min=(X=0.000 Y=0.000 Z=690.000), Max=(X=0.000 Y=0.000 Z=690.000) RuntimeGrid:None EditorOnly:0 RuntimeOnly:0 HLODRelevant:0 FolderPath:Lighting FolderGuid:08A10B054C95868C663DE39EE4343813
 |   |   |- [+] [ 11]
 |   |   |   |- Guid:E7C88B004DFFF4BE08155AB223A0EF2C BaseClass: NativeClass:/Script/Engine.SkyAtmosphere Name:SkyAtmosphere_1 Label:SkyAtmosphere SpatiallyLoaded:0 Bounds:IsValid=true, Min=(X=0.000 Y=0.000 Z=1020.000), Max=(X=0.000 Y=0.000 Z=1020.000) RuntimeGrid:None EditorOnly:0 RuntimeOnly:0 HLODRelevant:0 FolderPath:Lighting FolderGuid:08A10B054C95868C663DE39EE4343813
 |   |   |- [+] [ 12]
 |   |   |   |- Guid:F6974391454BE3281D0A9AAB775EBFF6 BaseClass: NativeClass:/Script/Engine.StaticMeshActor Name:StaticMeshActor_43 Label:SM_Cube6 SpatiallyLoaded:1 Bounds:IsValid=true, Min=(X=900.000 Y=100.000 Z=0.000), Max=(X=1000.000 Y=10500.000 Z=400.000) RuntimeGrid:None EditorOnly:0 RuntimeOnly:0 HLODRelevant:1 FolderPath:Playground FolderGuid:8CD33C9A4E75AD59B95486AC740693D6
 |   |   |- [+] [ 13]
 |   |   |   |- Guid:018E26EA4AC5B0D7D283758714BA0B17 BaseClass: NativeClass:/Script/Engine.StaticMeshActor Name:StaticMeshActor_UAID_FC3497C892E0306301_2049090160 Label:SM_Cube17 SpatiallyLoaded:1 Bounds:IsValid=true, Min=(X=0.000 Y=10400.000 Z=0.000), Max=(X=1000.000 Y=10500.000 Z=400.000) RuntimeGrid:None EditorOnly:0 RuntimeOnly:0 HLODRelevant:1 FolderPath:Playground FolderGuid:8CD33C9A4E75AD59B95486AC740693D6
 |   |   |- [+] [ 14]
 |   |   |   |- Guid:B23C247D4E34A96052E563A19E79FA75 BaseClass: NativeClass:/Script/Engine.ExponentialHeightFog Name:ExponentialHeightFog_1 Label:ExponentialHeightFog SpatiallyLoaded:0 Bounds:IsValid=true, Min=(X=-5600.000 Y=-50.000 Z=-6850.000), Max=(X=-5600.000 Y=-50.000 Z=-6850.000) RuntimeGrid:None EditorOnly:0 RuntimeOnly:0 HLODRelevant:0 FolderPath:Lighting FolderGuid:08A10B054C95868C663DE39EE4343813
 |   |   |- [+] [ 15]
 |   |   |   |- Guid:C726A3284B806D4C379405885740B688 BaseClass: NativeClass:/Script/Engine.PlayerStart Name:PlayerStart_0 Label:PlayerStart SpatiallyLoaded:0 Bounds:IsValid=true, Min=(X=700.000 Y=180.000 Z=0.013), Max=(X=780.000 Y=260.000 Z=184.013) RuntimeGrid:None EditorOnly:0 RuntimeOnly:0 HLODRelevant:0
 |   |   |- [+] [ 16]
 |   |   |   |- Guid:3EA48B3A41E0381E9D675E9014E97F2D BaseClass: NativeClass:/Script/Engine.StaticMeshActor Name:StaticMeshActor_UAID_FC3497C892E02E6301_2044022799 Label:SM_Cube5 SpatiallyLoaded:1 Bounds:IsValid=true, Min=(X=0.000 Y=3500.000 Z=-50.000), Max=(X=1000.000 Y=7000.000 Z=0.000) RuntimeGrid:None EditorOnly:0 RuntimeOnly:0 HLODRelevant:1 FolderPath:Playground FolderGuid:8CD33C9A4E75AD59B95486AC740693D6
 |   |   |- [+] [ 17]
 |   |   |   |- Guid:252A13B546B91DF5E7BEA88469F80034 BaseClass: NativeClass:/Script/Engine.StaticMeshActor Name:StaticMeshActor_UAID_3C7C3F249B3E5B6301_1316241722 Label:SM_Cube13 SpatiallyLoaded:1 Bounds:IsValid=true, Min=(X=580.000 Y=7660.000 Z=130.000), Max=(X=880.000 Y=8560.000 Z=405.000) RuntimeGrid:None EditorOnly:0 RuntimeOnly:0 HLODRelevant:1 FolderPath:Block03 FolderGuid:8CD3949449A9ED1D3F209CA69A64B60F
 |   |   |- [+] [ 18]
 |   |   |   |- Guid:4552606A4C28A189A195E7B6841F6806 BaseClass: NativeClass:/Script/Engine.StaticMeshActor Name:StaticMeshActor_UAID_3C7C3F249B3E5B6301_1585152723 Label:SM_Cube14 SpatiallyLoaded:1 Bounds:IsValid=true, Min=(X=580.000 Y=7890.000 Z=400.000), Max=(X=880.000 Y=8115.000 Z=550.000) RuntimeGrid:None EditorOnly:0 RuntimeOnly:0 HLODRelevant:1 FolderPath:Block03 FolderGuid:8CD3949449A9ED1D3F209CA69A64B60F
 |   |   |- [+] [ 19]
 |   |   |   |- Guid:214012F94C5E70538AA0A1A44589774E BaseClass: NativeClass:/Script/Engine.StaticMeshActor Name:StaticMeshActor_UAID_3C7C3F249B3E5B6301_1679955724 Label:SM_Cube15 SpatiallyLoaded:1 Bounds:IsValid=true, Min=(X=590.000 Y=8110.000 Z=400.000), Max=(X=890.000 Y=8335.000 Z=700.000) RuntimeGrid:None EditorOnly:0 RuntimeOnly:0 HLODRelevant:1 FolderPath:Block03 FolderGuid:8CD3949449A9ED1D3F209CA69A64B60F
 |   |   |- [+] [ 20]
 |   |   |   |- Guid:E6424D094707511C5C8A05BF8F940C73 BaseClass: NativeClass:/Script/Engine.StaticMeshActor Name:StaticMeshActor_UAID_3C7C3F249B3E5B6301_1688951725 Label:SM_Cube16 SpatiallyLoaded:1 Bounds:IsValid=true, Min=(X=600.000 Y=8340.000 Z=400.000), Max=(X=900.000 Y=8565.000 Z=850.000) RuntimeGrid:None EditorOnly:0 RuntimeOnly:0 HLODRelevant:1 FolderPath:Block03 FolderGuid:8CD3949449A9ED1D3F209CA69A64B60F
 |   |   |- [+] [ 21]
 |   |   |   |- Guid:69C1AB41463CAD37DBD45BB4D8AB2F64 BaseClass: NativeClass:/Script/Engine.StaticMeshActor Name:StaticMeshActor_UAID_3C7C3F249B3E5B6301_1728232726 Label:SM_Cube18 SpatiallyLoaded:1 Bounds:IsValid=true, Min=(X=600.000 Y=8560.000 Z=800.000), Max=(X=900.000 Y=9535.000 Z=850.000) RuntimeGrid:None EditorOnly:0 RuntimeOnly:0 HLODRelevant:1 FolderPath:Block03 FolderGuid:8CD3949449A9ED1D3F209CA69A64B60F
 |   |   |- [+] [ 22]
 |   |   |   |- Guid:BD52B3C3427AA07C4F83F9B048291CB1 BaseClass: NativeClass:/Script/Engine.StaticMeshActor Name:StaticMeshActor_UAID_3C7C3F249B3E5B6301_1852712727 Label:SM_Cube19 SpatiallyLoaded:1 Bounds:IsValid=true, Min=(X=610.000 Y=9810.000 Z=400.000), Max=(X=910.000 Y=9860.000 Z=1125.000) RuntimeGrid:None EditorOnly:0 RuntimeOnly:0 HLODRelevant:1 FolderPath:Block03 FolderGuid:8CD3949449A9ED1D3F209CA69A64B60F
 |   |   |- [+] [ 23]
 |   |   |   |- Guid:6E7C6B1E4B998713F9090185941BBE8E BaseClass: NativeClass:/Script/Engine.StaticMeshActor Name:StaticMeshActor_UAID_3C7C3F249B3E5D6301_2147045090 Label:SM_Cube20 SpatiallyLoaded:1 Bounds:IsValid=true, Min=(X=620.000 Y=8840.000 Z=390.000), Max=(X=920.000 Y=9815.000 Z=465.000) RuntimeGrid:None EditorOnly:0 RuntimeOnly:0 HLODRelevant:1 FolderPath:Block03 FolderGuid:8CD3949449A9ED1D3F209CA69A64B60F
 |   |   |- [+] [ 24]
 |   |   |   |- Guid:44996C804E7CB04666B6BE9DEEE65B64 BaseClass: NativeClass:/Script/Engine.StaticMeshActor Name:StaticMeshActor_UAID_3C7C3F249B3E5B6301_2055844729 Label:SM_Cube21 SpatiallyLoaded:1 Bounds:IsValid=true, Min=(X=630.000 Y=860.000 Z=130.000), Max=(X=930.000 Y=2035.000 Z=280.000) RuntimeGrid:None EditorOnly:0 RuntimeOnly:0 HLODRelevant:1 FolderPath:Block03 FolderGuid:8CD3949449A9ED1D3F209CA69A64B60F
 |   |   |- [+] [ 25]
 |   |   |   |- Guid:EDADF31C4DDA2488970C1380CC6E2C2A BaseClass: NativeClass:/Script/Engine.StaticMeshActor Name:StaticMeshActor_UAID_3C7C3F249B3E5D6301_1863648089 Label:SM_Cube27 SpatiallyLoaded:1 Bounds:IsValid=true, Min=(X=660.000 Y=8050.000 Z=390.000), Max=(X=960.000 Y=8325.000 Z=490.000) RuntimeGrid:None EditorOnly:0 RuntimeOnly:0 HLODRelevant:1 FolderPath:Block03 FolderGuid:8CD3949449A9ED1D3F209CA69A64B60F
 |   |   |- [+] [ 26]
 |   |   |   |- Guid:D7F7391942DDAA1DB05BE38A6AB7060B BaseClass: NativeClass:/Script/Engine.StaticMeshActor Name:StaticMeshActor_UAID_3C7C3F249B3E5C6301_1173866907 Label:SM_Cube23 SpatiallyLoaded:1 Bounds:IsValid=true, Min=(X=620.000 Y=2210.000 Z=140.000), Max=(X=920.000 Y=3435.000 Z=390.000) RuntimeGrid:None EditorOnly:0 RuntimeOnly:0 HLODRelevant:1 FolderPath:Block03 FolderGuid:8CD3949449A9ED1D3F209CA69A64B60F
 |   |   |- [+] [ 27]
 |   |   |   |- Guid:E268BD96454E12A26B84999E4C636899 BaseClass: NativeClass:/Script/Engine.StaticMeshActor Name:StaticMeshActor_UAID_3C7C3F249B3E616301_1427502818 Label:SM_Cube22 SpatiallyLoaded:1 Bounds:IsValid=true, Min=(X=580.000 Y=9857.500 Z=80.000), Max=(X=880.000 Y=10432.917 Z=426.651) RuntimeGrid:None EditorOnly:0 RuntimeOnly:0 HLODRelevant:1 FolderPath:Block03 FolderGuid:8CD3949449A9ED1D3F209CA69A64B60F
 |   |   |- [+] [ 28]
 |   |   |   |- Guid:0A45325C48C6CA9C18F438A18BCC5B50 BaseClass: NativeClass:/Script/Engine.StaticMeshActor Name:StaticMeshActor_UAID_3C7C3F249B3E626301_1672274000 Label:SM_Cube35 SpatiallyLoaded:1 Bounds:IsValid=true, Min=(X=600.000 Y=12350.000 Z=380.000), Max=(X=900.000 Y=13375.000 Z=405.000) RuntimeGrid:None EditorOnly:0 RuntimeOnly:0 HLODRelevant:1 FolderPath:Block03 FolderGuid:8CD3949449A9ED1D3F209CA69A64B60F
 |   |   |- [+] [ 29]
 |   |   |   |- Guid:C1275DA4456168FA947F2980143E2745 BaseClass: NativeClass:/Script/Engine.StaticMeshActor Name:StaticMeshActor_UAID_3C7C3F249B3E5C6301_1735233911 Label:SM_Cube26 SpatiallyLoaded:1 Bounds:IsValid=true, Min=(X=650.000 Y=3530.000 Z=540.000), Max=(X=950.000 Y=4005.000 Z=640.000) RuntimeGrid:None EditorOnly:0 RuntimeOnly:0 HLODRelevant:1 FolderPath:Block03 FolderGuid:8CD3949449A9ED1D3F209CA69A64B60F
 |   |   |- [+] [ 30]
 |   |   |   |- Guid:C8697D2B4D9C80B21B0F15ACDE6C4BFF BaseClass: NativeClass:/Script/Engine.StaticMeshActor Name:StaticMeshActor_UAID_3C7C3F249B3E5E6301_1297997267 Label:SM_Cube27 SpatiallyLoaded:1 Bounds:IsValid=true, Min=(X=660.000 Y=4380.000 Z=680.000), Max=(X=960.000 Y=5180.000 Z=780.000) RuntimeGrid:None EditorOnly:0 RuntimeOnly:0 HLODRelevant:1 FolderPath:Block03 FolderGuid:8CD3949449A9ED1D3F209CA69A64B60F
 |   |   |- [+] [ 31]
 |   |   |   |- Guid:3F610F3C49774CD9C5FE9194C252554F BaseClass: NativeClass:/Script/Engine.StaticMeshActor Name:StaticMeshActor_UAID_3C7C3F249B3E5E6301_1997889273 Label:SM_Cube29 SpatiallyLoaded:1 Bounds:IsValid=true, Min=(X=620.000 Y=5540.000 Z=160.000), Max=(X=920.000 Y=6390.000 Z=260.000) RuntimeGrid:None EditorOnly:0 RuntimeOnly:0 HLODRelevant:1 FolderPath:Block03 FolderGuid:8CD3949449A9ED1D3F209CA69A64B60F
 |   |   |- [+] [ 32]
 |   |   |   |- Guid:8D2CF82C40EE2A09448E88861468839F BaseClass: NativeClass:/Script/Engine.StaticMeshActor Name:StaticMeshActor_UAID_3C7C3F249B3E5E6301_2027385274 Label:SM_Cube30 SpatiallyLoaded:1 Bounds:IsValid=true, Min=(X=630.000 Y=6400.000 Z=240.000), Max=(X=930.000 Y=7250.000 Z=340.000) RuntimeGrid:None EditorOnly:0 RuntimeOnly:0 HLODRelevant:1 FolderPath:Block03 FolderGuid:8CD3949449A9ED1D3F209CA69A64B60F
 |   |   |- [+] [ 33]
 |   |   |   |- Guid:B9630E5448BCEF66025C33B07C65EE1F BaseClass: NativeClass:/Script/Engine.StaticMeshActor Name:StaticMeshActor_UAID_3C7C3F249B3E5E6301_1420648270 Label:SM_Cube28 SpatiallyLoaded:1 Bounds:IsValid=true, Min=(X=610.000 Y=3980.000 Z=260.000), Max=(X=910.000 Y=5530.000 Z=360.000) RuntimeGrid:None EditorOnly:0 RuntimeOnly:0 HLODRelevant:1 FolderPath:Block03 FolderGuid:8CD3949449A9ED1D3F209CA69A64B60F
 |   |   |- [+] [ 34]
 |   |   |   |- Guid:D4B30CB14D5950C355514AB6D9273EC3 BaseClass: NativeClass:/Script/Engine.StaticMeshActor Name:StaticMeshActor_UAID_3C7C3F249B3E626301_1831491002 Label:SM_Cube40 SpatiallyLoaded:1 Bounds:IsValid=true, Min=(X=610.000 Y=13560.000 Z=380.000), Max=(X=910.000 Y=14585.000 Z=405.000) RuntimeGrid:None EditorOnly:0 RuntimeOnly:0 HLODRelevant:1 FolderPath:Block03 FolderGuid:8CD3949449A9ED1D3F209CA69A64B60F
 |   |   |- [+] [ 35]
 |   |   |   |- Guid:21BAF8B4423C3FF91751C5A83118A6D5 BaseClass: NativeClass:/Script/Engine.StaticMeshActor Name:StaticMeshActor_UAID_3C7C3F249B3E5E6301_2121047275 Label:SM_Cube31 SpatiallyLoaded:1 Bounds:IsValid=true, Min=(X=640.000 Y=5620.000 Z=920.000), Max=(X=940.000 Y=6245.000 Z=1020.000) RuntimeGrid:None EditorOnly:0 RuntimeOnly:0 HLODRelevant:1 FolderPath:Block03 FolderGuid:8CD3949449A9ED1D3F209CA69A64B60F
 |   |   |- [+] [ 36]
 |   |   |   |- Guid:65077B184B8A382F401221A720E2206D BaseClass: NativeClass:/Script/Engine.StaticMeshActor Name:StaticMeshActor_UAID_3C7C3F249B3E5F6301_1255488453 Label:SM_Cube32 SpatiallyLoaded:1 Bounds:IsValid=true, Min=(X=590.000 Y=8175.000 Z=1140.000), Max=(X=890.000 Y=8400.000 Z=1290.000) RuntimeGrid:None EditorOnly:0 RuntimeOnly:0 HLODRelevant:1 FolderPath:Block03 FolderGuid:8CD3949449A9ED1D3F209CA69A64B60F
 |   |   |- [+] [ 37]
 |   |   |   |- Guid:8A11994E4699C0F68ADB539E3017ABC5 BaseClass: NativeClass:/Script/Engine.StaticMeshActor Name:StaticMeshActor_UAID_3C7C3F249B3E5F6301_1255489454 Label:SM_Cube33 SpatiallyLoaded:1 Bounds:IsValid=true, Min=(X=600.000 Y=7955.000 Z=990.000), Max=(X=900.000 Y=8180.000 Z=1290.000) RuntimeGrid:None EditorOnly:0 RuntimeOnly:0 HLODRelevant:1 FolderPath:Block03 FolderGuid:8CD3949449A9ED1D3F209CA69A64B60F
 |   |   |- [+] [ 38]
 |   |   |   |- Guid:B8CEBEDD4BF3312323B472822733C8EB BaseClass: NativeClass:/Script/Engine.StaticMeshActor Name:StaticMeshActor_UAID_3C7C3F249B3E5F6301_1255498455 Label:SM_Cube34 SpatiallyLoaded:1 Bounds:IsValid=true, Min=(X=610.000 Y=7725.000 Z=955.000), Max=(X=910.000 Y=7950.000 Z=1280.000) RuntimeGrid:None EditorOnly:0 RuntimeOnly:0 HLODRelevant:1 FolderPath:Block03 FolderGuid:8CD3949449A9ED1D3F209CA69A64B60F
 |   |   |- [+] [ 39]
 |   |   |   |- Guid:6E58CC7140F7B06FECC09782D76DBE32 BaseClass: NativeClass:/Script/Engine.StaticMeshActor Name:StaticMeshActor_UAID_3C7C3F249B3E626301_1365923995 Label:SM_Cube24 SpatiallyLoaded:1 Bounds:IsValid=true, Min=(X=590.000 Y=10420.000 Z=380.000), Max=(X=890.000 Y=11520.000 Z=405.000) RuntimeGrid:None EditorOnly:0 RuntimeOnly:0 HLODRelevant:1 FolderPath:Block03 FolderGuid:8CD3949449A9ED1D3F209CA69A64B60F
 |   |   |- [+] [ 40]
 |   |   |   |- Guid:0F6FC91541AEA25D8A5C2EBEBE855480 BaseClass: NativeClass:/Script/Engine.StaticMeshActor Name:StaticMeshActor_UAID_3C7C3F249B3E5F6301_1255499457 Label:SM_Cube36 SpatiallyLoaded:1 Bounds:IsValid=true, Min=(X=640.000 Y=6245.000 Z=880.000), Max=(X=940.000 Y=6370.000 Z=1180.000) RuntimeGrid:None EditorOnly:0 RuntimeOnly:0 HLODRelevant:1 FolderPath:Block03 FolderGuid:8CD3949449A9ED1D3F209CA69A64B60F
 |   |   |- [+] [ 41]
 |   |   |   |- Guid:9F618A3A4E8A54D0D3DBE2B7A90D7926 BaseClass: NativeClass:/Script/Engine.StaticMeshActor Name:StaticMeshActor_UAID_3C7C3F249B3E5F6301_1255499458 Label:SM_Cube37 SpatiallyLoaded:1 Bounds:IsValid=true, Min=(X=630.000 Y=6375.000 Z=1105.000), Max=(X=930.000 Y=7400.000 Z=1180.000) RuntimeGrid:None EditorOnly:0 RuntimeOnly:0 HLODRelevant:1 FolderPath:Block03 FolderGuid:8CD3949449A9ED1D3F209CA69A64B60F
 |   |   |- [+] [ 42]
 |   |   |   |- Guid:67FA51FC446CC925B6D3D29A44D0EF55 BaseClass: NativeClass:/Script/Engine.StaticMeshActor Name:StaticMeshActor_UAID_3C7C3F249B3E5F6301_1381202459 Label:SM_Cube38 SpatiallyLoaded:1 Bounds:IsValid=true, Min=(X=660.000 Y=5156.987 Z=705.048), Max=(X=960.000 Y=5627.500 Z=1020.000) RuntimeGrid:None EditorOnly:0 RuntimeOnly:0 HLODRelevant:1 FolderPath:Block03 FolderGuid:8CD3949449A9ED1D3F209CA69A64B60F
 |   |   |- [+] [ 43]
 |   |   |   |- Guid:BB904CE340CEF68D56B61EB8FA5C7190 BaseClass: NativeClass:/Script/Engine.StaticMeshActor Name:StaticMeshActor_UAID_3C7C3F249B3E646301_1232976356 Label:SM_Cube35 SpatiallyLoaded:1 Bounds:IsValid=true, Min=(X=660.000 Y=3115.000 Z=350.000), Max=(X=960.000 Y=3551.362 Z=630.801) RuntimeGrid:None EditorOnly:0 RuntimeOnly:0 HLODRelevant:1 FolderPath:Block03 FolderGuid:8CD3949449A9ED1D3F209CA69A64B60F
 |- ContainerInstances:
 |- [+] MainContainer:
 |   |-        ID: 0x0000000000000000
 |   |-    Bounds: IsValid=false, Min=(X=0.000 Y=0.000 Z=0.000), Max=(X=0.000 Y=0.000 Z=0.000)
 |   |- Transform: 0.000000,0.000000,0.000000|0.000000,0.000000,-0.000000|1.000000,1.000000,1.000000
 |   |- Container: /Game/ThirdPerson/Maps/ThirdPersonMap
----------------------------------------------------------------------------------------------------------------
ThirdPersonMap - Persistent Level
----------------------------------------------------------------------------------------------------------------
Always loaded Actor Count: 51 

----------------------------------------------------------------------------------------------------------------
ThirdPersonMap - Runtime Spatial Hash - Streaming Grid - MainGrid
----------------------------------------------------------------------------------------------------------------
            Origin: X=0.000 Y=0.000 Z=0.000
         Cell Size: 12800
      World Bounds: IsValid=false, Min=(X=0.000 Y=0.000 Z=0.000), Max=(X=0.000 Y=0.000 Z=0.000)
     Loading Range: 25600.00
Block Slow Loading: No
 ClientOnlyVisible: No

[+] Grid Levels: 1
 |- Level  0: Cell Count    0 | Cell Size   12800 | Actor Count    0 (0.0%)

[+] Content of Grid Level 0

